[{"stream_name":"stderr","time":6.382300752,"data":"0.00s - Debugger warning: It seems that frozen modules are being used, which may\n"}
,{"stream_name":"stderr","time":6.382386235,"data":"0.00s - make the debugger miss breakpoints. Please pass -Xfrozen_modules=off\n"}
,{"stream_name":"stderr","time":6.382390292,"data":"0.00s - to python to disable frozen modules.\n"}
,{"stream_name":"stderr","time":6.382392806,"data":"0.00s - Note: Debugging will proceed. Set PYDEVD_DISABLE_FILE_VALIDATION=1 to disable this validation.\n"}
,{"stream_name":"stderr","time":6.946690375,"data":"0.00s - Debugger warning: It seems that frozen modules are being used, which may\n"}
,{"stream_name":"stderr","time":6.946716604,"data":"0.00s - make the debugger miss breakpoints. Please pass -Xfrozen_modules=off\n"}
,{"stream_name":"stderr","time":6.9467214550000005,"data":"0.00s - to python to disable frozen modules.\n"}
,{"stream_name":"stderr","time":6.946725149,"data":"0.00s - Note: Debugging will proceed. Set PYDEVD_DISABLE_FILE_VALIDATION=1 to disable this validation.\n"}
,{"stream_name":"stdout","time":8.011059415,"data":"Thu Jun 11 22:28:31 2026       \r\n"}
,{"stream_name":"stdout","time":8.011095633,"data":"+-----------------------------------------------------------------------------------------+\r\n"}
,{"stream_name":"stdout","time":8.011101222,"data":"| NVIDIA-SMI 580.105.08             Driver Version: 580.105.08     CUDA Version: 13.0     |\r\n"}
,{"stream_name":"stdout","time":8.011106309,"data":"+-----------------------------------------+------------------------+----------------------+\r\n"}
,{"stream_name":"stdout","time":8.011111676,"data":"| GPU  Name                 Persistence-M | Bus-Id          Disp.A | Volatile Uncorr. ECC |\r\n"}
,{"stream_name":"stdout","time":8.011117081,"data":"| Fan  Temp   Perf          Pwr:Usage/Cap |           Memory-Usage | GPU-Util  Compute M. |\r\n"}
,{"stream_name":"stdout","time":8.011122405,"data":"|                                         |                        |               MIG M. |\r\n"}
,{"stream_name":"stdout","time":8.011127649,"data":"|=========================================+========================+======================|\r\n"}
,{"stream_name":"stdout","time":8.061620051,"data":"|   0  Tesla T4                       Off |   00000000:00:04.0 Off |                    0 |\r\n"}
,{"stream_name":"stdout","time":8.061641492,"data":"| N/A   40C    P8              9W /   70W |       0MiB /  15360MiB |      0%      Default |\r\n"}
,{"stream_name":"stdout","time":8.061647042,"data":"|                                         |                        |                  N/A |\r\n"}
,{"stream_name":"stdout","time":8.061652305,"data":"+-----------------------------------------+------------------------+----------------------+\r\n"}
,{"stream_name":"stdout","time":8.061657575,"data":"|   1  Tesla T4                       Off |   00000000:00:05.0 Off |                    0 |\r\n"}
,{"stream_name":"stdout","time":8.06166299,"data":"| N/A   41C    P8             10W /   70W |       0MiB /  15360MiB |      0%      Default |\r\n"}
,{"stream_name":"stdout","time":8.061668103,"data":"|                                         |                        |                  N/A |\r\n"}
,{"stream_name":"stdout","time":8.06167335,"data":"+-----------------------------------------+------------------------+----------------------+\r\n"}
,{"stream_name":"stdout","time":8.061678746,"data":"\r\n"}
,{"stream_name":"stdout","time":8.061684145,"data":"+-----------------------------------------------------------------------------------------+\r\n"}
,{"stream_name":"stdout","time":8.061689414,"data":"| Processes:                                                                              |\r\n"}
,{"stream_name":"stdout","time":8.061706486,"data":"|  GPU   GI   CI              PID   Type   Process name                        GPU Memory |\r\n"}
,{"stream_name":"stdout","time":8.061711716,"data":"|        ID   ID                                                               Usage      |\r\n"}
,{"stream_name":"stdout","time":8.061717022,"data":"|=========================================================================================|\r\n"}
,{"stream_name":"stdout","time":8.061722253,"data":"|  No running processes found                                                             |\r\n"}
,{"stream_name":"stdout","time":8.061727534,"data":"+-----------------------------------------------------------------------------------------+\r\n"}
,{"stream_name":"stdout","time":10.912908346,"data":"\u001b[?25l   \u001b[90mв”Ѓв”Ѓв”Ѓв”Ѓв”Ѓв”Ѓв”Ѓв”Ѓв”Ѓв”Ѓв”Ѓв”Ѓв”Ѓв”Ѓв”Ѓв”Ѓв”Ѓв”Ѓв”Ѓв”Ѓв”Ѓв”Ѓв”Ѓв”Ѓв”Ѓв”Ѓв”Ѓв”Ѓв”Ѓв”Ѓв”Ѓв”Ѓв”Ѓв”Ѓв”Ѓв”Ѓв”Ѓв”Ѓв”Ѓв”Ѓ\u001b[0m \u001b[32m0.0/44.8 kB\u001b[0m \u001b[31m?\u001b[0m eta \u001b[36m-:--:--\u001b[0m\r\u001b[2K   \u001b[90mв”Ѓв”Ѓв”Ѓв”Ѓв”Ѓв”Ѓв”Ѓв”Ѓв”Ѓв”Ѓв”Ѓв”Ѓв”Ѓв”Ѓв”Ѓв”Ѓв”Ѓв”Ѓв”Ѓв”Ѓв”Ѓв”Ѓв”Ѓв”Ѓв”Ѓв”Ѓв”Ѓв”Ѓв”Ѓв”Ѓв”Ѓв”Ѓв”Ѓв”Ѓв”Ѓв”Ѓв”Ѓв”Ѓв”Ѓв”Ѓ\u001b[0m \u001b[32m44.8/44.8 kB\u001b[0m \u001b[31m1.7 MB/s\u001b[0m eta \u001b[36m0:00:00\u001b[0m\r\n"}
,{"stream_name":"stdout","time":11.115826677,"data":"\u001b[?25h\u001b[?25l   \u001b[90mв”Ѓв”Ѓв”Ѓв”Ѓв”Ѓв”Ѓв”Ѓв”Ѓв”Ѓв”Ѓв”Ѓв”Ѓв”Ѓв”Ѓв”Ѓв”Ѓв”Ѓв”Ѓв”Ѓв”Ѓв”Ѓв”Ѓв”Ѓв”Ѓв”Ѓв”Ѓв”Ѓв”Ѓв”Ѓв”Ѓв”Ѓв”Ѓв”Ѓв”Ѓв”Ѓв”Ѓв”Ѓв”Ѓв”Ѓв”Ѓ\u001b[0m \u001b[32m0.0/12.2 MB\u001b[0m \u001b[31m?\u001b[0m eta \u001b[36m-:--:--\u001b[0m\r\u001b[2K   \u001b[91mв”Ѓв”Ѓ\u001b[0m\u001b[90mв•є\u001b[0m\u001b[90mв”Ѓв”Ѓв”Ѓв”Ѓв”Ѓв”Ѓв”Ѓв”Ѓв”Ѓв”Ѓв”Ѓв”Ѓв”Ѓв”Ѓв”Ѓв”Ѓв”Ѓв”Ѓв”Ѓв”Ѓв”Ѓв”Ѓв”Ѓв”Ѓв”Ѓв”Ѓв”Ѓв”Ѓв”Ѓв”Ѓв”Ѓв”Ѓв”Ѓв”Ѓв”Ѓв”Ѓв”Ѓ\u001b[0m \u001b[32m0.7/12.2 MB\u001b[0m \u001b[31m19.4 MB/s\u001b[0m eta \u001b[36m0:00:01\u001b[0m\r\u001b[2K   \u001b[91mв”Ѓв”Ѓв”Ѓв”Ѓв”Ѓв”Ѓв”Ѓв”Ѓв”Ѓв”Ѓв”Ѓв”Ѓв”Ѓв”Ѓв”Ѓв”Ѓв”Ѓ\u001b[0m\u001b[91mв•ё\u001b[0m\u001b[90mв”Ѓв”Ѓв”Ѓв”Ѓв”Ѓв”Ѓв”Ѓв”Ѓв”Ѓв”Ѓв”Ѓв”Ѓв”Ѓв”Ѓв”Ѓв”Ѓв”Ѓв”Ѓв”Ѓв”Ѓв”Ѓв”Ѓ\u001b[0m \u001b[32m5.4/12.2 MB\u001b[0m \u001b[31m79.6 MB/s\u001b[0m eta \u001b[36m0:00:01\u001b[0m\r\u001b[2K   \u001b[91mв”Ѓв”Ѓв”Ѓв”Ѓв”Ѓв”Ѓв”Ѓв”Ѓв”Ѓв”Ѓв”Ѓв”Ѓв”Ѓв”Ѓв”Ѓв”Ѓв”Ѓв”Ѓв”Ѓв”Ѓв”Ѓв”Ѓв”Ѓв”Ѓв”Ѓв”Ѓв”Ѓв”Ѓв”Ѓв”Ѓв”Ѓв”Ѓв”Ѓв”Ѓв”Ѓв”Ѓв”Ѓв”Ѓ\u001b[0m\u001b[90mв•є\u001b[0m\u001b[90mв”Ѓ\u001b[0m \u001b[32m11.6/12.2 MB\u001b[0m \u001b[31m176.0 MB/s\u001b[0m eta \u001b[36m0:00:01\u001b[0m\r\u001b[2K   \u001b[91mв”Ѓв”Ѓв”Ѓв”Ѓв”Ѓв”Ѓв”Ѓв”Ѓв”Ѓв”Ѓв”Ѓв”Ѓв”Ѓв”Ѓв”Ѓв”Ѓв”Ѓв”Ѓв”Ѓв”Ѓв”Ѓв”Ѓв”Ѓв”Ѓв”Ѓв”Ѓв”Ѓв”Ѓв”Ѓв”Ѓв”Ѓв”Ѓв”Ѓв”Ѓв”Ѓв”Ѓв”Ѓв”Ѓв”Ѓ\u001b[0m\u001b[91mв•ё\u001b[0m \u001b[32m12.1/12.2 MB\u001b[0m \u001b[31m160.2 MB/s\u001b[0m eta \u001b[36m0:00:01\u001b[0m\r\u001b[2K   \u001b[90mв”Ѓв”Ѓв”Ѓв”Ѓв”Ѓв”Ѓв”Ѓв”Ѓв”Ѓв”Ѓв”Ѓв”Ѓв”Ѓв”Ѓв”Ѓв”Ѓв”Ѓв”Ѓв”Ѓв”Ѓв”Ѓв”Ѓв”Ѓв”Ѓв”Ѓв”Ѓв”Ѓв”Ѓв”Ѓв”Ѓв”Ѓв”Ѓв”Ѓв”Ѓв”Ѓв”Ѓв”Ѓв”Ѓв”Ѓв”Ѓ\u001b[0m \u001b[32m12.2/12.2 MB\u001b[0m \u001b[31m84.8 MB/s\u001b[0m eta \u001b[36m0:00:00\u001b[0m\r\n"}
,{"stream_name":"stdout","time":13.793962372,"data":"\u001b[?25h\u001b[31mERROR: pip's dependency resolver does not currently take into account all the packages that are installed. This behaviour is the source of the following dependency conflicts.\r\n"}
,{"stream_name":"stdout","time":13.793997845,"data":"dask-cuda 26.2.0 requires cuda-core==0.3.*, but you have cuda-core 1.0.1 which is incompatible.\r\n"}
,{"stream_name":"stdout","time":13.794001645,"data":"dask-cuda 26.2.0 requires numba-cuda\u003c0.23.0,\u003e=0.22.1, but you have numba-cuda 0.30.2 which is incompatible.\r\n"}
,{"stream_name":"stdout","time":13.794004325,"data":"distributed-ucxx-cu12 0.48.0 requires numba-cuda[cu12]\u003c0.23.0,\u003e=0.22.1, but you have numba-cuda 0.30.2 which is incompatible.\r\n"}
,{"stream_name":"stdout","time":13.794007773,"data":"cuml-cu12 26.2.0 requires numba\u003c0.62.0,\u003e=0.60.0, but you have numba 0.65.1 which is incompatible.\r\n"}
,{"stream_name":"stdout","time":13.794036647,"data":"cuml-cu12 26.2.0 requires numba-cuda[cu12]\u003c0.23.0,\u003e=0.22.1, but you have numba-cuda 0.30.2 which is incompatible.\r\n"}
,{"stream_name":"stdout","time":13.794041403,"data":"ucxx-cu12 0.48.0 requires numba-cuda[cu12]\u003c0.23.0,\u003e=0.22.1, but you have numba-cuda 0.30.2 which is incompatible.\r\n"}
,{"stream_name":"stdout","time":13.79404508,"data":"cudf-cu12 26.2.1 requires numba\u003c0.62.0,\u003e=0.60.0, but you have numba 0.65.1 which is incompatible.\r\n"}
,{"stream_name":"stdout","time":13.794048815,"data":"cudf-cu12 26.2.1 requires numba-cuda[cu12]\u003c0.23.0,\u003e=0.22.2, but you have numba-cuda 0.30.2 which is incompatible.\u001b[0m\u001b[31m\r\n"}
,{"stream_name":"stdout","time":13.930662082,"data":"\u001b[0mNote: you may need to restart the kernel to use updated packages.\n"}
,{"stream_name":"stderr","time":43.09234241,"data":"Flax classes are deprecated and will be removed in Diffusers v1.0.0. We recommend migrating to PyTorch classes or pinning your version of Diffusers.\n"}
,{"stream_name":"stderr","time":43.092405875,"data":"\n"}
,{"stream_name":"stderr","time":43.092415033,"data":"Flax classes are deprecated and will be removed in Diffusers v1.0.0. We recommend migrating to PyTorch classes or pinning your version of Diffusers.\n"}
,{"stream_name":"stderr","time":43.093356161,"data":"Flax classes are deprecated and will be removed in Diffusers v1.0.0. We recommend migrating to PyTorch classes or pinning your version of Diffusers.\n"}
,{"stream_name":"stderr","time":43.093392321,"data":"\n"}
,{"stream_name":"stderr","time":43.093397898,"data":"Flax classes are deprecated and will be removed in Diffusers v1.0.0. We recommend migrating to PyTorch classes or pinning your version of Diffusers.\n"}
,{"stream_name":"stderr","time":43.542521753,"data":"Warning: You are sending unauthenticated requests to the HF Hub. Please set a HF_TOKEN to enable higher rate limits and faster downloads.\n"}
,{"stream_name":"stderr","time":43.54256694,"data":"\n"}
,{"stream_name":"stderr","time":43.542573022,"data":"Warning: You are sending unauthenticated requests to the HF Hub. Please set a HF_TOKEN to enable higher rate limits and faster downloads.\n"}
,{"stream_name":"stderr","time":43.54333649,"data":"WARNING:huggingface_hub.utils._http:Warning: You are sending unauthenticated requests to the HF Hub. Please set a HF_TOKEN to enable higher rate limits and faster downloads.\n"}
,{"stream_name":"stderr","time":43.543355685,"data":"\n"}
,{"stream_name":"stderr","time":43.543359905,"data":"WARNING:huggingface_hub.utils._http:Warning: You are sending unauthenticated requests to the HF Hub. Please set a HF_TOKEN to enable higher rate limits and faster downloads.\n"}
,{"stream_name":"stderr","time":256.564916903,"data":"UMT5EncoderModel LOAD REPORT from: Wan-AI/Wan2.1-T2V-1.3B-Diffusers\n"}
,{"stream_name":"stderr","time":256.565522826,"data":"Key                         | Status  | \n"}
,{"stream_name":"stderr","time":256.565533856,"data":"----------------------------+---------+-\n"}
,{"stream_name":"stderr","time":256.56553724,"data":"encoder.embed_tokens.weight | MISSING | \n"}
,{"stream_name":"stderr","time":256.565540378,"data":"\n"}
,{"stream_name":"stderr","time":256.565543385,"data":"Notes:\n"}
,{"stream_name":"stderr","time":256.565546441,"data":"- MISSING\t:those params were newly initialized because missing from the checkpoint. Consider training on your downstream task.\n"}
,{"stream_name":"stderr","time":256.565550312,"data":"\n"}
,{"stream_name":"stderr","time":256.565553241,"data":"UMT5EncoderModel LOAD REPORT from: Wan-AI/Wan2.1-T2V-1.3B-Diffusers\n"}
,{"stream_name":"stderr","time":256.565556498,"data":"Key                         | Status  | \n"}
,{"stream_name":"stderr","time":256.565565789,"data":"----------------------------+---------+-\n"}
,{"stream_name":"stderr","time":256.565568209,"data":"encoder.embed_tokens.weight | MISSING | \n"}
,{"stream_name":"stderr","time":256.56557038,"data":"\n"}
,{"stream_name":"stderr","time":256.565572519,"data":"Notes:\n"}
,{"stream_name":"stderr","time":256.565574877,"data":"- MISSING\t:those params were newly initialized because missing from the checkpoint. Consider training on your downstream task.\n"}
,{"stream_name":"stderr","time":256.69611017,"data":"/usr/local/lib/python3.12/dist-packages/huggingface_hub/utils/_validators.py:205: UserWarning: The `local_dir_use_symlinks` argument is deprecated and ignored in `hf_hub_download`. Downloading to a local directory does not use symlinks anymore.\n"}
,{"stream_name":"stderr","time":256.696136029,"data":"  warnings.warn(\n"}
,{"stream_name":"stderr","time":256.696140691,"data":"\n"}
,{"stream_name":"stderr","time":256.696144975,"data":"/usr/local/lib/python3.12/dist-packages/huggingface_hub/utils/_validators.py:205: UserWarning: The `local_dir_use_symlinks` argument is deprecated and ignored in `hf_hub_download`. Downloading to a local directory does not use symlinks anymore.\n"}
,{"stream_name":"stderr","time":256.696149389,"data":"  warnings.warn(\n"}
,{"stream_name":"stdout","time":285.516967261,"data":"encoding ping-1143\n"}
,{"stream_name":"stdout","time":435.812243987,"data":"generating ping-1143 ...\n"}
,{"stream_name":"stderr","time":8545.704659732,"data":"Traceback (most recent call last):\n"}
,{"stream_name":"stderr","time":8545.70471428,"data":"  File \"\u003cstring\u003e\", line 1, in \u003cmodule\u003e\n"}
,{"stream_name":"stderr","time":8545.704719867,"data":"  File \"/usr/local/lib/python3.12/dist-packages/papermill/execute.py\", line 131, in execute_notebook\n"}
,{"stream_name":"stderr","time":8545.712276197,"data":"    raise_for_execution_errors(nb, output_path)\n"}
,{"stream_name":"stderr","time":8545.712316159,"data":"  File \"/usr/local/lib/python3.12/dist-packages/papermill/execute.py\", line 251, in raise_for_execution_errors\n"}
,{"stream_name":"stderr","time":8545.712511914,"data":"    raise error\n"}
,{"stream_name":"stderr","time":8545.713187893,"data":"papermill.exceptions.PapermillExecutionError: \n"}
,{"stream_name":"stderr","time":8545.713202207,"data":"---------------------------------------------------------------------------\n"}
,{"stream_name":"stderr","time":8545.713207916,"data":"Exception encountered at \"In [3]\":\n"}
,{"stream_name":"stderr","time":8545.713213456,"data":"---------------------------------------------------------------------------\n"}
,{"stream_name":"stderr","time":8545.713218703,"data":"OutOfMemoryError                          Traceback (most recent call last)\n"}
,{"stream_name":"stderr","time":8545.713223472,"data":"/tmp/ipykernel_22/2007865616.py in \u003ccell line: 0\u003e()\n"}
,{"stream_name":"stderr","time":8545.713228462,"data":"     25     pe, ne = embeds[clip['id']]\n"}
,{"stream_name":"stderr","time":8545.713238006,"data":"     26     print('generating', clip['id'], '...', flush=True)\n"}
,{"stream_name":"stderr","time":8545.713241572,"data":"---\u003e 27     frames = pipe(\n"}
,{"stream_name":"stderr","time":8545.713244753,"data":"     28         prompt_embeds=pe.to('cuda'),\n"}
,{"stream_name":"stderr","time":8545.713247877,"data":"     29         negative_prompt_embeds=ne.to('cuda'),\n"}
,{"stream_name":"stderr","time":8545.713251005,"data":"\n"}
,{"stream_name":"stderr","time":8545.713254072,"data":"/usr/local/lib/python3.12/dist-packages/torch/utils/_contextlib.py in decorate_context(*args, **kwargs)\n"}
,{"stream_name":"stderr","time":8545.713257284,"data":"    122         # pyrefly: ignore [bad-context-manager]\n"}
,{"stream_name":"stderr","time":8545.713269249,"data":"    123         with ctx_factory():\n"}
,{"stream_name":"stderr","time":8545.713271837,"data":"--\u003e 124             return func(*args, **kwargs)\n"}
,{"stream_name":"stderr","time":8545.713274269,"data":"    125 \n"}
,{"stream_name":"stderr","time":8545.713276529,"data":"    126     return decorate_context\n"}
,{"stream_name":"stderr","time":8545.713278843,"data":"\n"}
,{"stream_name":"stderr","time":8545.713281274,"data":"/usr/local/lib/python3.12/dist-packages/diffusers/pipelines/wan/pipeline_wan.py in __call__(self, prompt, negative_prompt, height, width, num_frames, num_inference_steps, guidance_scale, guidance_scale_2, num_videos_per_prompt, generator, latents, prompt_embeds, negative_prompt_embeds, output_type, return_dict, attention_kwargs, callback_on_step_end, callback_on_step_end_tensor_inputs, max_sequence_length)\n"}
,{"stream_name":"stderr","time":8545.713285183,"data":"    658             )\n"}
,{"stream_name":"stderr","time":8545.71328742,"data":"    659             latents = latents / latents_std + latents_mean\n"}
,{"stream_name":"stderr","time":8545.713289715,"data":"--\u003e 660             video = self.vae.decode(latents, return_dict=False)[0]\n"}
,{"stream_name":"stderr","time":8545.713292085,"data":"    661             video = self.video_processor.postprocess_video(video, output_type=output_type)\n"}
,{"stream_name":"stderr","time":8545.713294512,"data":"    662         else:\n"}
,{"stream_name":"stderr","time":8545.713296705,"data":"\n"}
,{"stream_name":"stderr","time":8545.713299022,"data":"/usr/local/lib/python3.12/dist-packages/diffusers/utils/accelerate_utils.py in wrapper(self, *args, **kwargs)\n"}
,{"stream_name":"stderr","time":8545.713301362,"data":"     44         if hasattr(self, \"_hf_hook\") and hasattr(self._hf_hook, \"pre_forward\"):\n"}
,{"stream_name":"stderr","time":8545.713303863,"data":"     45             self._hf_hook.pre_forward(self)\n"}
,{"stream_name":"stderr","time":8545.713306124,"data":"---\u003e 46         return method(self, *args, **kwargs)\n"}
,{"stream_name":"stderr","time":8545.713308465,"data":"     47 \n"}
,{"stream_name":"stderr","time":8545.713310634,"data":"     48     return wrapper\n"}
,{"stream_name":"stderr","time":8545.71331288,"data":"\n"}
,{"stream_name":"stderr","time":8545.713315004,"data":"/usr/local/lib/python3.12/dist-packages/diffusers/models/autoencoders/autoencoder_kl_wan.py in decode(self, z, return_dict)\n"}
,{"stream_name":"stderr","time":8545.713317873,"data":"   1228             decoded = torch.cat(decoded_slices)\n"}
,{"stream_name":"stderr","time":8545.71332016,"data":"   1229         else:\n"}
,{"stream_name":"stderr","time":8545.713322335,"data":"-\u003e 1230             decoded = self._decode(z).sample\n"}
,{"stream_name":"stderr","time":8545.713324647,"data":"   1231 \n"}
,{"stream_name":"stderr","time":8545.713326817,"data":"   1232         if not return_dict:\n"}
,{"stream_name":"stderr","time":8545.713329069,"data":"\n"}
,{"stream_name":"stderr","time":8545.713331214,"data":"/usr/local/lib/python3.12/dist-packages/diffusers/models/autoencoders/autoencoder_kl_wan.py in _decode(self, z, return_dict)\n"}
,{"stream_name":"stderr","time":8545.713333589,"data":"   1195                 )\n"}
,{"stream_name":"stderr","time":8545.713335802,"data":"   1196             else:\n"}
,{"stream_name":"stderr","time":8545.713338012,"data":"-\u003e 1197                 out_ = self.decoder(x[:, :, i : i + 1, :, :], feat_cache=self._feat_map, feat_idx=self._conv_idx)\n"}
,{"stream_name":"stderr","time":8545.71334041,"data":"   1198                 out = torch.cat([out, out_], 2)\n"}
,{"stream_name":"stderr","time":8545.713345119,"data":"   1199 \n"}
,{"stream_name":"stderr","time":8545.71334734,"data":"\n"}
,{"stream_name":"stderr","time":8545.713349457,"data":"/usr/local/lib/python3.12/dist-packages/torch/nn/modules/module.py in _wrapped_call_impl(self, *args, **kwargs)\n"}
,{"stream_name":"stderr","time":8545.713351852,"data":"   1774             return self._compiled_call_impl(*args, **kwargs)  # type: ignore[misc]\n"}
,{"stream_name":"stderr","time":8545.713354187,"data":"   1775         else:\n"}
,{"stream_name":"stderr","time":8545.713356379,"data":"-\u003e 1776             return self._call_impl(*args, **kwargs)\n"}
,{"stream_name":"stderr","time":8545.713358664,"data":"   1777 \n"}
,{"stream_name":"stderr","time":8545.713360797,"data":"   1778     # torchrec tests the code consistency with the following code\n"}
,{"stream_name":"stderr","time":8545.713363094,"data":"\n"}
,{"stream_name":"stderr","time":8545.713365205,"data":"/usr/local/lib/python3.12/dist-packages/torch/nn/modules/module.py in _call_impl(self, *args, **kwargs)\n"}
,{"stream_name":"stderr","time":8545.713367538,"data":"   1785                 or _global_backward_pre_hooks or _global_backward_hooks\n"}
,{"stream_name":"stderr","time":8545.71336993,"data":"   1786                 or _global_forward_hooks or _global_forward_pre_hooks):\n"}
,{"stream_name":"stderr","time":8545.713372187,"data":"-\u003e 1787             return forward_call(*args, **kwargs)\n"}
,{"stream_name":"stderr","time":8545.713374475,"data":"   1788 \n"}
,{"stream_name":"stderr","time":8545.713376614,"data":"   1789         result = None\n"}
,{"stream_name":"stderr","time":8545.71337885,"data":"\n"}
,{"stream_name":"stderr","time":8545.713381016,"data":"/usr/local/lib/python3.12/dist-packages/diffusers/models/autoencoders/autoencoder_kl_wan.py in forward(self, x, feat_cache, feat_idx, first_chunk)\n"}
,{"stream_name":"stderr","time":8545.713383585,"data":"    889         ## upsamples\n"}
,{"stream_name":"stderr","time":8545.713385935,"data":"    890         for up_block in self.up_blocks:\n"}
,{"stream_name":"stderr","time":8545.713388281,"data":"--\u003e 891             x = up_block(x, feat_cache=feat_cache, feat_idx=feat_idx, first_chunk=first_chunk)\n"}
,{"stream_name":"stderr","time":8545.713390689,"data":"    892 \n"}
,{"stream_name":"stderr","time":8545.713392893,"data":"    893         ## head\n"}
,{"stream_name":"stderr","time":8545.713395101,"data":"\n"}
,{"stream_name":"stderr","time":8545.713397234,"data":"/usr/local/lib/python3.12/dist-packages/torch/nn/modules/module.py in _wrapped_call_impl(self, *args, **kwargs)\n"}
,{"stream_name":"stderr","time":8545.713399655,"data":"   1774             return self._compiled_call_impl(*args, **kwargs)  # type: ignore[misc]\n"}
,{"stream_name":"stderr","time":8545.713401941,"data":"   1775         else:\n"}
,{"stream_name":"stderr","time":8545.713404203,"data":"-\u003e 1776             return self._call_impl(*args, **kwargs)\n"}
,{"stream_name":"stderr","time":8545.7134065,"data":"   1777 \n"}
,{"stream_name":"stderr","time":8545.713408699,"data":"   1778     # torchrec tests the code consistency with the following code\n"}
,{"stream_name":"stderr","time":8545.713410985,"data":"\n"}
,{"stream_name":"stderr","time":8545.713413412,"data":"/usr/local/lib/python3.12/dist-packages/torch/nn/modules/module.py in _call_impl(self, *args, **kwargs)\n"}
,{"stream_name":"stderr","time":8545.713415735,"data":"   1785                 or _global_backward_pre_hooks or _global_backward_hooks\n"}
,{"stream_name":"stderr","time":8545.713418021,"data":"   1786                 or _global_forward_hooks or _global_forward_pre_hooks):\n"}
,{"stream_name":"stderr","time":8545.713422213,"data":"-\u003e 1787             return forward_call(*args, **kwargs)\n"}
,{"stream_name":"stderr","time":8545.713424546,"data":"   1788 \n"}
,{"stream_name":"stderr","time":8545.713426691,"data":"   1789         result = None\n"}
,{"stream_name":"stderr","time":8545.713428916,"data":"\n"}
,{"stream_name":"stderr","time":8545.713431071,"data":"/usr/local/lib/python3.12/dist-packages/diffusers/models/autoencoders/autoencoder_kl_wan.py in forward(self, x, feat_cache, feat_idx, first_chunk)\n"}
,{"stream_name":"stderr","time":8545.713433504,"data":"    767         for resnet in self.resnets:\n"}
,{"stream_name":"stderr","time":8545.713435757,"data":"    768             if feat_cache is not None:\n"}
,{"stream_name":"stderr","time":8545.713437987,"data":"--\u003e 769                 x = resnet(x, feat_cache=feat_cache, feat_idx=feat_idx)\n"}
,{"stream_name":"stderr","time":8545.713440299,"data":"    770             else:\n"}
,{"stream_name":"stderr","time":8545.713442502,"data":"    771                 x = resnet(x)\n"}
,{"stream_name":"stderr","time":8545.713444757,"data":"\n"}
,{"stream_name":"stderr","time":8545.713447007,"data":"/usr/local/lib/python3.12/dist-packages/torch/nn/modules/module.py in _wrapped_call_impl(self, *args, **kwargs)\n"}
,{"stream_name":"stderr","time":8545.713449343,"data":"   1774             return self._compiled_call_impl(*args, **kwargs)  # type: ignore[misc]\n"}
,{"stream_name":"stderr","time":8545.713451654,"data":"   1775         else:\n"}
,{"stream_name":"stderr","time":8545.713453852,"data":"-\u003e 1776             return self._call_impl(*args, **kwargs)\n"}
,{"stream_name":"stderr","time":8545.713456159,"data":"   1777 \n"}
,{"stream_name":"stderr","time":8545.713458314,"data":"   1778     # torchrec tests the code consistency with the following code\n"}
,{"stream_name":"stderr","time":8545.713460589,"data":"\n"}
,{"stream_name":"stderr","time":8545.713462809,"data":"/usr/local/lib/python3.12/dist-packages/torch/nn/modules/module.py in _call_impl(self, *args, **kwargs)\n"}
,{"stream_name":"stderr","time":8545.713465114,"data":"   1785                 or _global_backward_pre_hooks or _global_backward_hooks\n"}
,{"stream_name":"stderr","time":8545.713467388,"data":"   1786                 or _global_forward_hooks or _global_forward_pre_hooks):\n"}
,{"stream_name":"stderr","time":8545.713469671,"data":"-\u003e 1787             return forward_call(*args, **kwargs)\n"}
,{"stream_name":"stderr","time":8545.713471959,"data":"   1788 \n"}
,{"stream_name":"stderr","time":8545.713474107,"data":"   1789         result = None\n"}
,{"stream_name":"stderr","time":8545.713476309,"data":"\n"}
,{"stream_name":"stderr","time":8545.713478435,"data":"/usr/local/lib/python3.12/dist-packages/diffusers/models/autoencoders/autoencoder_kl_wan.py in forward(self, x, feat_cache, feat_idx)\n"}
,{"stream_name":"stderr","time":8545.713480852,"data":"    351                 cache_x = torch.cat([feat_cache[idx][:, :, -1, :, :].unsqueeze(2).to(cache_x.device), cache_x], dim=2)\n"}
,{"stream_name":"stderr","time":8545.713483222,"data":"    352 \n"}
,{"stream_name":"stderr","time":8545.713485358,"data":"--\u003e 353             x = self.conv1(x, feat_cache[idx])\n"}
,{"stream_name":"stderr","time":8545.713487615,"data":"    354             feat_cache[idx] = cache_x\n"}
,{"stream_name":"stderr","time":8545.713489847,"data":"    355             feat_idx[0] += 1\n"}
,{"stream_name":"stderr","time":8545.713492063,"data":"\n"}
,{"stream_name":"stderr","time":8545.713494189,"data":"/usr/local/lib/python3.12/dist-packages/torch/nn/modules/module.py in _wrapped_call_impl(self, *args, **kwargs)\n"}
,{"stream_name":"stderr","time":8545.713496519,"data":"   1774             return self._compiled_call_impl(*args, **kwargs)  # type: ignore[misc]\n"}
,{"stream_name":"stderr","time":8545.713501232,"data":"   1775         else:\n"}
,{"stream_name":"stderr","time":8545.71350351,"data":"-\u003e 1776             return self._call_impl(*args, **kwargs)\n"}
,{"stream_name":"stderr","time":8545.713505786,"data":"   1777 \n"}
,{"stream_name":"stderr","time":8545.713507936,"data":"   1778     # torchrec tests the code consistency with the following code\n"}
,{"stream_name":"stderr","time":8545.713510224,"data":"\n"}
,{"stream_name":"stderr","time":8545.713512365,"data":"/usr/local/lib/python3.12/dist-packages/torch/nn/modules/module.py in _call_impl(self, *args, **kwargs)\n"}
,{"stream_name":"stderr","time":8545.713514722,"data":"   1785                 or _global_backward_pre_hooks or _global_backward_hooks\n"}
,{"stream_name":"stderr","time":8545.713516997,"data":"   1786                 or _global_forward_hooks or _global_forward_pre_hooks):\n"}
,{"stream_name":"stderr","time":8545.713519307,"data":"-\u003e 1787             return forward_call(*args, **kwargs)\n"}
,{"stream_name":"stderr","time":8545.71352158,"data":"   1788 \n"}
,{"stream_name":"stderr","time":8545.713523724,"data":"   1789         result = None\n"}
,{"stream_name":"stderr","time":8545.713525929,"data":"\n"}
,{"stream_name":"stderr","time":8545.713528048,"data":"/usr/local/lib/python3.12/dist-packages/diffusers/models/autoencoders/autoencoder_kl_wan.py in forward(self, x, cache_x)\n"}
,{"stream_name":"stderr","time":8545.713530402,"data":"    170             x = torch.cat([cache_x, x], dim=2)\n"}
,{"stream_name":"stderr","time":8545.713532644,"data":"    171             padding[4] -= cache_x.shape[2]\n"}
,{"stream_name":"stderr","time":8545.713534879,"data":"--\u003e 172         x = F.pad(x, padding)\n"}
,{"stream_name":"stderr","time":8545.713537179,"data":"    173         return super().forward(x)\n"}
,{"stream_name":"stderr","time":8545.713539404,"data":"    174 \n"}
,{"stream_name":"stderr","time":8545.713541544,"data":"\n"}
,{"stream_name":"stderr","time":8545.713543669,"data":"/usr/local/lib/python3.12/dist-packages/torch/nn/functional.py in pad(input, pad, mode, value)\n"}
,{"stream_name":"stderr","time":8545.713545985,"data":"   5416                     \"torch._decomp.decompositions\"\n"}
,{"stream_name":"stderr","time":8545.713548306,"data":"   5417                 )._replication_pad(input, pad)\n"}
,{"stream_name":"stderr","time":8545.713550535,"data":"-\u003e 5418     return torch._C._nn.pad(input, pad, mode, value)\n"}
,{"stream_name":"stderr","time":8545.713552822,"data":"   5419 \n"}
,{"stream_name":"stderr","time":8545.713554988,"data":"   5420 \n"}
,{"stream_name":"stderr","time":8545.713557134,"data":"\n"}
,{"stream_name":"stderr","time":8545.71356159,"data":"OutOfMemoryError: CUDA out of memory. Tried to allocate 884.00 MiB. GPU 0 has a total capacity of 14.56 GiB of which 497.81 MiB is free. Including non-PyTorch memory, this process has 14.07 GiB memory in use. Of the allocated memory 11.39 GiB is allocated by PyTorch, and 2.52 GiB is reserved by PyTorch but unallocated. If reserved but unallocated memory is large try setting PYTORCH_ALLOC_CONF=expandable_segments:True to avoid fragmentation.  See documentation for Memory Management  (https://pytorch.org/docs/stable/notes/cuda.html#environment-variables)\n"}
,{"stream_name":"stderr","time":8545.71356558,"data":"\n"}
,{"stream_name":"stderr","time":8548.336079748,"data":"/usr/local/lib/python3.12/dist-packages/mistune.py:435: SyntaxWarning: invalid escape sequence '\\|'\n"}
,{"stream_name":"stderr","time":8548.336115464,"data":"  cells[i][c] = re.sub('\\\\\\\\\\|', '|', cell)\n"}
,{"stream_name":"stderr","time":8548.59748901,"data":"/usr/local/lib/python3.12/dist-packages/nbconvert/filters/filter_links.py:36: SyntaxWarning: invalid escape sequence '\\_'\n"}
,{"stream_name":"stderr","time":8548.597518143,"data":"  text = re.sub(r'_', '\\_', text) # Escape underscores in display text\n"}
,{"stream_name":"stderr","time":8549.661568202,"data":"[NbConvertApp] Converting notebook __notebook__.ipynb to notebook\n"}
,{"stream_name":"stderr","time":8550.004439157,"data":"[NbConvertApp] Writing 190811 bytes to __notebook__.ipynb\n"}
,{"stream_name":"stderr","time":8552.512138648,"data":"[NbConvertApp] Converting notebook __notebook__.ipynb to html\n"}
,{"stream_name":"stderr","time":8553.673733355,"data":"[NbConvertApp] Writing 441859 bytes to __results__.html\n"}
]